<?xml version="1.0" encoding="UTF-8"?>
<testsuite name="MockitoTest" tests="1" skipped="0" failures="0" errors="0" timestamp="2020-05-21T14:33:54" hostname="SHIVAM-PC" time="3.806">
  <properties/>
  <testcase name="customerReaderTest" classname="MockitoTest" time="3.806"/>
  <system-out><![CDATA[]]></system-out>
  <system-err><![CDATA[]]></system-err>
</testsuite>
